Determining if the pthread_create exist failed with the following output:
Change Dir: /home/saitarak/SFND_Lidar_Obstacle_Detection/src/quiz/ransac/build/CMakeFiles/CMakeTmp

Run Build Command:"/usr/bin/make" "cmTC_a28cf/fast"
/usr/bin/make -f CMakeFiles/cmTC_a28cf.dir/build.make CMakeFiles/cmTC_a28cf.dir/build
make[1]: Entering directory '/home/saitarak/SFND_Lidar_Obstacle_Detection/src/quiz/ransac/build/CMakeFiles/CMakeTmp'
Building C object CMakeFiles/cmTC_a28cf.dir/CheckSymbolExists.c.o
/usr/bin/cc    -o CMakeFiles/cmTC_a28cf.dir/CheckSymbolExists.c.o   -c /home/saitarak/SFND_Lidar_Obstacle_Detection/src/quiz/ransac/build/CMakeFiles/CMakeTmp/CheckSymbolExists.c
Linking C executable cmTC_a28cf
/usr/bin/cmake -E cmake_link_script CMakeFiles/cmTC_a28cf.dir/link.txt --verbose=1
/usr/bin/cc      -rdynamic CMakeFiles/cmTC_a28cf.dir/CheckSymbolExists.c.o  -o cmTC_a28cf 
CMakeFiles/cmTC_a28cf.dir/CheckSymbolExists.c.o: In function `main':
CheckSymbolExists.c:(.text+0x1b): undefined reference to `pthread_create'
collect2: error: ld returned 1 exit status
CMakeFiles/cmTC_a28cf.dir/build.make:97: recipe for target 'cmTC_a28cf' failed
make[1]: *** [cmTC_a28cf] Error 1
make[1]: Leaving directory '/home/saitarak/SFND_Lidar_Obstacle_Detection/src/quiz/ransac/build/CMakeFiles/CMakeTmp'
Makefile:126: recipe for target 'cmTC_a28cf/fast' failed
make: *** [cmTC_a28cf/fast] Error 2

File /home/saitarak/SFND_Lidar_Obstacle_Detection/src/quiz/ransac/build/CMakeFiles/CMakeTmp/CheckSymbolExists.c:
/* */
#include <pthread.h>

int main(int argc, char** argv)
{
  (void)argv;
#ifndef pthread_create
  return ((int*)(&pthread_create))[argc];
#else
  (void)argc;
  return 0;
#endif
}

Determining if the function pthread_create exists in the pthreads failed with the following output:
Change Dir: /home/saitarak/SFND_Lidar_Obstacle_Detection/src/quiz/ransac/build/CMakeFiles/CMakeTmp

Run Build Command:"/usr/bin/make" "cmTC_81466/fast"
/usr/bin/make -f CMakeFiles/cmTC_81466.dir/build.make CMakeFiles/cmTC_81466.dir/build
make[1]: Entering directory '/home/saitarak/SFND_Lidar_Obstacle_Detection/src/quiz/ransac/build/CMakeFiles/CMakeTmp'
Building C object CMakeFiles/cmTC_81466.dir/CheckFunctionExists.c.o
/usr/bin/cc   -DCHECK_FUNCTION_EXISTS=pthread_create   -o CMakeFiles/cmTC_81466.dir/CheckFunctionExists.c.o   -c /usr/share/cmake-3.10/Modules/CheckFunctionExists.c
Linking C executable cmTC_81466
/usr/bin/cmake -E cmake_link_script CMakeFiles/cmTC_81466.dir/link.txt --verbose=1
/usr/bin/cc  -DCHECK_FUNCTION_EXISTS=pthread_create    -rdynamic CMakeFiles/cmTC_81466.dir/CheckFunctionExists.c.o  -o cmTC_81466 -lpthreads 
/usr/bin/ld: cannot find -lpthreads
collect2: error: ld returned 1 exit status
CMakeFiles/cmTC_81466.dir/build.make:97: recipe for target 'cmTC_81466' failed
make[1]: *** [cmTC_81466] Error 1
make[1]: Leaving directory '/home/saitarak/SFND_Lidar_Obstacle_Detection/src/quiz/ransac/build/CMakeFiles/CMakeTmp'
Makefile:126: recipe for target 'cmTC_81466/fast' failed
make: *** [cmTC_81466/fast] Error 2


