Determining if the pthread_create exist failed with the following output:
Change Dir: /home/saitarak/SFND_Lidar_Obstacle_Detection/build/CMakeFiles/CMakeTmp

Run Build Command:"/usr/bin/make" "cmTC_c3a27/fast"
/usr/bin/make -f CMakeFiles/cmTC_c3a27.dir/build.make CMakeFiles/cmTC_c3a27.dir/build
make[1]: Entering directory '/home/saitarak/SFND_Lidar_Obstacle_Detection/build/CMakeFiles/CMakeTmp'
Building C object CMakeFiles/cmTC_c3a27.dir/CheckSymbolExists.c.o
/usr/bin/gcc    -o CMakeFiles/cmTC_c3a27.dir/CheckSymbolExists.c.o   -c /home/saitarak/SFND_Lidar_Obstacle_Detection/build/CMakeFiles/CMakeTmp/CheckSymbolExists.c
Linking C executable cmTC_c3a27
/usr/bin/cmake -E cmake_link_script CMakeFiles/cmTC_c3a27.dir/link.txt --verbose=1
/usr/bin/gcc      -rdynamic CMakeFiles/cmTC_c3a27.dir/CheckSymbolExists.c.o  -o cmTC_c3a27 
CMakeFiles/cmTC_c3a27.dir/CheckSymbolExists.c.o: In function `main':
CheckSymbolExists.c:(.text+0x1b): undefined reference to `pthread_create'
collect2: error: ld returned 1 exit status
CMakeFiles/cmTC_c3a27.dir/build.make:97: recipe for target 'cmTC_c3a27' failed
make[1]: *** [cmTC_c3a27] Error 1
make[1]: Leaving directory '/home/saitarak/SFND_Lidar_Obstacle_Detection/build/CMakeFiles/CMakeTmp'
Makefile:126: recipe for target 'cmTC_c3a27/fast' failed
make: *** [cmTC_c3a27/fast] Error 2

File /home/saitarak/SFND_Lidar_Obstacle_Detection/build/CMakeFiles/CMakeTmp/CheckSymbolExists.c:
/* */
#include <pthread.h>

int main(int argc, char** argv)
{
  (void)argv;
#ifndef pthread_create
  return ((int*)(&pthread_create))[argc];
#else
  (void)argc;
  return 0;
#endif
}

Determining if the function pthread_create exists in the pthreads failed with the following output:
Change Dir: /home/saitarak/SFND_Lidar_Obstacle_Detection/build/CMakeFiles/CMakeTmp

Run Build Command:"/usr/bin/make" "cmTC_b8ec3/fast"
/usr/bin/make -f CMakeFiles/cmTC_b8ec3.dir/build.make CMakeFiles/cmTC_b8ec3.dir/build
make[1]: Entering directory '/home/saitarak/SFND_Lidar_Obstacle_Detection/build/CMakeFiles/CMakeTmp'
Building C object CMakeFiles/cmTC_b8ec3.dir/CheckFunctionExists.c.o
/usr/bin/gcc   -DCHECK_FUNCTION_EXISTS=pthread_create   -o CMakeFiles/cmTC_b8ec3.dir/CheckFunctionExists.c.o   -c /usr/share/cmake-3.10/Modules/CheckFunctionExists.c
Linking C executable cmTC_b8ec3
/usr/bin/cmake -E cmake_link_script CMakeFiles/cmTC_b8ec3.dir/link.txt --verbose=1
/usr/bin/gcc  -DCHECK_FUNCTION_EXISTS=pthread_create    -rdynamic CMakeFiles/cmTC_b8ec3.dir/CheckFunctionExists.c.o  -o cmTC_b8ec3 -lpthreads 
/usr/bin/ld: cannot find -lpthreads
collect2: error: ld returned 1 exit status
CMakeFiles/cmTC_b8ec3.dir/build.make:97: recipe for target 'cmTC_b8ec3' failed
make[1]: *** [cmTC_b8ec3] Error 1
make[1]: Leaving directory '/home/saitarak/SFND_Lidar_Obstacle_Detection/build/CMakeFiles/CMakeTmp'
Makefile:126: recipe for target 'cmTC_b8ec3/fast' failed
make: *** [cmTC_b8ec3/fast] Error 2


